# JRE version: OpenJDK Runtime Environment (8.0_242-b01) (build 1.8.0_242-release-1644-b01)
# Java VM: OpenJDK 64-Bit Server VM (25.242-b01 mixed mode windows-amd64 compressed oops)
Heap:
 PSYoungGen      total 151552K, used 50304K [0x00000000e0000000, 0x00000000ece00000, 0x0000000100000000)
  eden space 124416K, 40% used [0x00000000e0000000,0x00000000e3120190,0x00000000e7980000)
  from space 27136K, 0% used [0x00000000e9e80000,0x00000000e9e80000,0x00000000eb900000)
  to   space 37888K, 0% used [0x00000000e7980000,0x00000000e7980000,0x00000000e9e80000)
 ParOldGen       total 98816K, used 56747K [0x00000000a0000000, 0x00000000a6080000, 0x00000000e0000000)
  object space 98816K, 57% used [0x00000000a0000000,0x00000000a376ac28,0x00000000a6080000)
 Metaspace       used 98456K, capacity 101358K, committed 102528K, reserved 1138688K
  class space    used 12334K, capacity 12976K, committed 13184K, reserved 1048576K
GC Heap History (10 events):
Event: 10354.826 GC heap before
{Heap before GC invocations=28 (full 3):
 PSYoungGen      total 147456K, used 147348K [0x00000000e0000000, 0x00000000eba80000, 0x0000000100000000)
  eden space 130560K, 100% used [0x00000000e0000000,0x00000000e7f80000,0x00000000e7f80000)
  from space 16896K, 99% used [0x00000000eaa00000,0x00000000eba65348,0x00000000eba80000)
  to   space 27648K, 0% used [0x00000000e8480000,0x00000000e8480000,0x00000000e9f80000)
 ParOldGen       total 90112K, used 49483K [0x00000000a0000000, 0x00000000a5800000, 0x00000000e0000000)
  object space 90112K, 54% used [0x00000000a0000000,0x00000000a3052f78,0x00000000a5800000)
 Metaspace       used 84024K, capacity 86884K, committed 87168K, reserved 1124352K
  class space    used 10736K, capacity 11344K, committed 11392K, reserved 1048576K
Event: 10355.344 GC heap after
Heap after GC invocations=28 (full 3):
 PSYoungGen      total 152576K, used 26434K [0x00000000e0000000, 0x00000000eb900000, 0x0000000100000000)
  eden space 125952K, 0% used [0x00000000e0000000,0x00000000e0000000,0x00000000e7b00000)
  from space 26624K, 99% used [0x00000000e8480000,0x00000000e9e50b50,0x00000000e9e80000)
  to   space 27136K, 0% used [0x00000000e9e80000,0x00000000e9e80000,0x00000000eb900000)
 ParOldGen       total 90112K, used 49491K [0x00000000a0000000, 0x00000000a5800000, 0x00000000e0000000)
  object space 90112K, 54% used [0x00000000a0000000,0x00000000a3054f78,0x00000000a5800000)
 Metaspace       used 84024K, capacity 86884K, committed 87168K, reserved 1124352K
  class space    used 10736K, capacity 11344K, committed 11392K, reserved 1048576K
}
Event: 10366.912 GC heap before
{Heap before GC invocations=29 (full 3):
 PSYoungGen      total 152576K, used 152386K [0x00000000e0000000, 0x00000000eb900000, 0x0000000100000000)
  eden space 125952K, 100% used [0x00000000e0000000,0x00000000e7b00000,0x00000000e7b00000)
  from space 26624K, 99% used [0x00000000e8480000,0x00000000e9e50b50,0x00000000e9e80000)
  to   space 27136K, 0% used [0x00000000e9e80000,0x00000000e9e80000,0x00000000eb900000)
 ParOldGen       total 90112K, used 49491K [0x00000000a0000000, 0x00000000a5800000, 0x00000000e0000000)
  object space 90112K, 54% used [0x00000000a0000000,0x00000000a3054f78,0x00000000a5800000)
 Metaspace       used 89169K, capacity 92030K, committed 92160K, reserved 1130496K
  class space    used 11341K, capacity 11990K, committed 12032K, reserved 1048576K
Event: 10367.263 GC heap after
Heap after GC invocations=29 (full 3):
 PSYoungGen      total 151552K, used 27123K [0x00000000e0000000, 0x00000000ece00000, 0x0000000100000000)
  eden space 124416K, 0% used [0x00000000e0000000,0x00000000e0000000,0x00000000e7980000)
  from space 27136K, 99% used [0x00000000e9e80000,0x00000000eb8fcd40,0x00000000eb900000)
  to   space 37888K, 0% used [0x00000000e7980000,0x00000000e7980000,0x00000000e9e80000)
 ParOldGen       total 90112K, used 57918K [0x00000000a0000000, 0x00000000a5800000, 0x00000000e0000000)
  object space 90112K, 64% used [0x00000000a0000000,0x00000000a388fbd8,0x00000000a5800000)
 Metaspace       used 89169K, capacity 92030K, committed 92160K, reserved 1130496K
  class space    used 11341K, capacity 11990K, committed 12032K, reserved 1048576K
}
Event: 10375.830 GC heap before
{Heap before GC invocations=30 (full 3):
 PSYoungGen      total 151552K, used 151525K [0x00000000e0000000, 0x00000000ece00000, 0x0000000100000000)
  eden space 124416K, 99% used [0x00000000e0000000,0x00000000e797c840,0x00000000e7980000)
  from space 27136K, 99% used [0x00000000e9e80000,0x00000000eb8fcd40,0x00000000eb900000)
  to   space 37888K, 0% used [0x00000000e7980000,0x00000000e7980000,0x00000000e9e80000)
 ParOldGen       total 90112K, used 57918K [0x00000000a0000000, 0x00000000a5800000, 0x00000000e0000000)
  object space 90112K, 64% used [0x00000000a0000000,0x00000000a388fbd8,0x00000000a5800000)
 Metaspace       used 91232K, capacity 94160K, committed 94336K, reserved 1132544K
  class space    used 11470K, capacity 12126K, committed 12160K, reserved 1048576K
Event: 10376.326 GC heap after
Heap after GC invocations=30 (full 3):
 PSYoungGen      total 162304K, used 37876K [0x00000000e0000000, 0x00000000ece00000, 0x0000000100000000)
  eden space 124416K, 0% used [0x00000000e0000000,0x00000000e0000000,0x00000000e7980000)
  from space 37888K, 99% used [0x00000000e7980000,0x00000000e9e7d320,0x00000000e9e80000)
  to   space 27136K, 0% used [0x00000000e9e80000,0x00000000e9e80000,0x00000000eb900000)
 ParOldGen       total 90112K, used 74579K [0x00000000a0000000, 0x00000000a5800000, 0x00000000e0000000)
  object space 90112K, 82% used [0x00000000a0000000,0x00000000a48d4c60,0x00000000a5800000)
 Metaspace       used 91232K, capacity 94160K, committed 94336K, reserved 1132544K
  class space    used 11470K, capacity 12126K, committed 12160K, reserved 1048576K
}
Event: 10380.034 GC heap before
{Heap before GC invocations=31 (full 3):
 PSYoungGen      total 162304K, used 97173K [0x00000000e0000000, 0x00000000ece00000, 0x0000000100000000)
  eden space 124416K, 47% used [0x00000000e0000000,0x00000000e39e8480,0x00000000e7980000)
  from space 37888K, 99% used [0x00000000e7980000,0x00000000e9e7d320,0x00000000e9e80000)
  to   space 27136K, 0% used [0x00000000e9e80000,0x00000000e9e80000,0x00000000eb900000)
 ParOldGen       total 90112K, used 74579K [0x00000000a0000000, 0x00000000a5800000, 0x00000000e0000000)
  object space 90112K, 82% used [0x00000000a0000000,0x00000000a48d4c60,0x00000000a5800000)
 Metaspace       used 95246K, capacity 98394K, committed 98560K, reserved 1134592K
  class space    used 11984K, capacity 12675K, committed 12800K, reserved 1048576K
Event: 10380.133 GC heap after
Heap after GC invocations=31 (full 3):
 PSYoungGen      total 151552K, used 27104K [0x00000000e0000000, 0x00000000ece00000, 0x0000000100000000)
  eden space 124416K, 0% used [0x00000000e0000000,0x00000000e0000000,0x00000000e7980000)
  from space 27136K, 99% used [0x00000000e9e80000,0x00000000eb8f82f8,0x00000000eb900000)
  to   space 37888K, 0% used [0x00000000e7980000,0x00000000e7980000,0x00000000e9e80000)
 ParOldGen       total 98816K, used 98795K [0x00000000a0000000, 0x00000000a6080000, 0x00000000e0000000)
  object space 98816K, 99% used [0x00000000a0000000,0x00000000a607af50,0x00000000a6080000)
 Metaspace       used 95246K, capacity 98394K, committed 98560K, reserved 1134592K
  class space    used 11984K, capacity 12675K, committed 12800K, reserved 1048576K
}
Event: 10380.133 GC heap before
{Heap before GC invocations=32 (full 4):
 PSYoungGen      total 151552K, used 27104K [0x00000000e0000000, 0x00000000ece00000, 0x0000000100000000)
  eden space 124416K, 0% used [0x00000000e0000000,0x00000000e0000000,0x00000000e7980000)
  from space 27136K, 99% used [0x00000000e9e80000,0x00000000eb8f82f8,0x00000000eb900000)
  to   space 37888K, 0% used [0x00000000e7980000,0x00000000e7980000,0x00000000e9e80000)
 ParOldGen       total 98816K, used 98795K [0x00000000a0000000, 0x00000000a6080000, 0x00000000e0000000)
  object space 98816K, 99% used [0x00000000a0000000,0x00000000a607af50,0x00000000a6080000)
 Metaspace       used 95246K, capacity 98394K, committed 98560K, reserved 1134592K
  class space    used 11984K, capacity 12675K, committed 12800K, reserved 1048576K
Event: 10383.286 GC heap after
Heap after GC invocations=32 (full 4):
 PSYoungGen      total 151552K, used 0K [0x00000000e0000000, 0x00000000ece00000, 0x0000000100000000)
  eden space 124416K, 0% used [0x00000000e0000000,0x00000000e0000000,0x00000000e7980000)
  from space 27136K, 0% used [0x00000000e9e80000,0x00000000e9e80000,0x00000000eb900000)
  to   space 37888K, 0% used [0x00000000e7980000,0x00000000e7980000,0x00000000e9e80000)
 ParOldGen       total 98816K, used 56747K [0x00000000a0000000, 0x00000000a6080000, 0x00000000e0000000)
  object space 98816K, 57% used [0x00000000a0000000,0x00000000a376ac28,0x00000000a6080000)
 Metaspace       used 94146K, capacity 96588K, committed 98560K, reserved 1134592K
  class space    used 11796K, capacity 12335K, committed 12800K, reserved 1048576K
}

