# JRE version: OpenJDK Runtime Environment (8.0_242-b01) (build 1.8.0_242-release-1644-b01)
# Java VM: OpenJDK 64-Bit Server VM (25.242-b01 mixed mode windows-amd64 compressed oops)
Heap:
 PSYoungGen      total 134656K, used 125255K [0x00000000e0000000, 0x00000000e9d80000, 0x0000000100000000)
  eden space 120320K, 98% used [0x00000000e0000000,0x00000000e733cc40,0x00000000e7580000)
  from space 14336K, 50% used [0x00000000e7580000,0x00000000e7c95228,0x00000000e8380000)
  to   space 13824K, 0% used [0x00000000e9000000,0x00000000e9000000,0x00000000e9d80000)
 ParOldGen       total 83456K, used 35380K [0x00000000a0000000, 0x00000000a5180000, 0x00000000e0000000)
  object space 83456K, 42% used [0x00000000a0000000,0x00000000a228d180,0x00000000a5180000)
 Metaspace       used 63750K, capacity 65326K, committed 65664K, reserved 1105920K
  class space    used 8350K, capacity 8744K, committed 8832K, reserved 1048576K
GC Heap History (10 events):
Event: 25.099 GC heap before
{Heap before GC invocations=16 (full 2):
 PSYoungGen      total 82432K, used 75776K [0x00000000e0000000, 0x00000000e7c00000, 0x0000000100000000)
  eden space 75776K, 100% used [0x00000000e0000000,0x00000000e4a00000,0x00000000e4a00000)
  from space 6656K, 0% used [0x00000000e4a00000,0x00000000e4a00000,0x00000000e5080000)
  to   space 8192K, 0% used [0x00000000e7400000,0x00000000e7400000,0x00000000e7c00000)
 ParOldGen       total 50688K, used 17880K [0x00000000a0000000, 0x00000000a3180000, 0x00000000e0000000)
  object space 50688K, 35% used [0x00000000a0000000,0x00000000a11760c8,0x00000000a3180000)
 Metaspace       used 42042K, capacity 42730K, committed 42880K, reserved 1085440K
  class space    used 5694K, capacity 5975K, committed 6016K, reserved 1048576K
Event: 25.132 GC heap after
Heap after GC invocations=16 (full 2):
 PSYoungGen      total 105984K, used 8167K [0x00000000e0000000, 0x00000000e7c00000, 0x0000000100000000)
  eden space 97792K, 0% used [0x00000000e0000000,0x00000000e0000000,0x00000000e5f80000)
  from space 8192K, 99% used [0x00000000e7400000,0x00000000e7bf9e58,0x00000000e7c00000)
  to   space 10752K, 0% used [0x00000000e6700000,0x00000000e6700000,0x00000000e7180000)
 ParOldGen       total 50688K, used 21615K [0x00000000a0000000, 0x00000000a3180000, 0x00000000e0000000)
  object space 50688K, 42% used [0x00000000a0000000,0x00000000a151bf28,0x00000000a3180000)
 Metaspace       used 42042K, capacity 42730K, committed 42880K, reserved 1085440K
  class space    used 5694K, capacity 5975K, committed 6016K, reserved 1048576K
}
Event: 30.658 GC heap before
{Heap before GC invocations=17 (full 2):
 PSYoungGen      total 105984K, used 105959K [0x00000000e0000000, 0x00000000e7c00000, 0x0000000100000000)
  eden space 97792K, 100% used [0x00000000e0000000,0x00000000e5f80000,0x00000000e5f80000)
  from space 8192K, 99% used [0x00000000e7400000,0x00000000e7bf9e58,0x00000000e7c00000)
  to   space 10752K, 0% used [0x00000000e6700000,0x00000000e6700000,0x00000000e7180000)
 ParOldGen       total 50688K, used 21615K [0x00000000a0000000, 0x00000000a3180000, 0x00000000e0000000)
  object space 50688K, 42% used [0x00000000a0000000,0x00000000a151bf28,0x00000000a3180000)
 Metaspace       used 50102K, capacity 51212K, committed 51456K, reserved 1093632K
  class space    used 6741K, capacity 7067K, committed 7168K, reserved 1048576K
Event: 30.681 GC heap after
Heap after GC invocations=17 (full 2):
 PSYoungGen      total 116224K, used 8825K [0x00000000e0000000, 0x00000000e8e80000, 0x0000000100000000)
  eden space 105472K, 0% used [0x00000000e0000000,0x00000000e0000000,0x00000000e6700000)
  from space 10752K, 82% used [0x00000000e6700000,0x00000000e6f9e490,0x00000000e7180000)
  to   space 11264K, 0% used [0x00000000e8380000,0x00000000e8380000,0x00000000e8e80000)
 ParOldGen       total 50688K, used 28035K [0x00000000a0000000, 0x00000000a3180000, 0x00000000e0000000)
  object space 50688K, 55% used [0x00000000a0000000,0x00000000a1b60e90,0x00000000a3180000)
 Metaspace       used 50102K, capacity 51212K, committed 51456K, reserved 1093632K
  class space    used 6741K, capacity 7067K, committed 7168K, reserved 1048576K
}
Event: 36.002 GC heap before
{Heap before GC invocations=18 (full 2):
 PSYoungGen      total 116224K, used 107953K [0x00000000e0000000, 0x00000000e8e80000, 0x0000000100000000)
  eden space 105472K, 93% used [0x00000000e0000000,0x00000000e60ce068,0x00000000e6700000)
  from space 10752K, 82% used [0x00000000e6700000,0x00000000e6f9e490,0x00000000e7180000)
  to   space 11264K, 0% used [0x00000000e8380000,0x00000000e8380000,0x00000000e8e80000)
 ParOldGen       total 50688K, used 28035K [0x00000000a0000000, 0x00000000a3180000, 0x00000000e0000000)
  object space 50688K, 55% used [0x00000000a0000000,0x00000000a1b60e90,0x00000000a3180000)
 Metaspace       used 57485K, capacity 58912K, committed 59008K, reserved 1099776K
  class space    used 7842K, capacity 8247K, committed 8320K, reserved 1048576K
Event: 36.044 GC heap after
Heap after GC invocations=18 (full 2):
 PSYoungGen      total 131584K, used 11255K [0x00000000e0000000, 0x00000000e9c80000, 0x0000000100000000)
  eden space 120320K, 0% used [0x00000000e0000000,0x00000000e0000000,0x00000000e7580000)
  from space 11264K, 99% used [0x00000000e8380000,0x00000000e8e7de40,0x00000000e8e80000)
  to   space 14336K, 0% used [0x00000000e7580000,0x00000000e7580000,0x00000000e8380000)
 ParOldGen       total 50688K, used 32199K [0x00000000a0000000, 0x00000000a3180000, 0x00000000e0000000)
  object space 50688K, 63% used [0x00000000a0000000,0x00000000a1f71dc0,0x00000000a3180000)
 Metaspace       used 57485K, capacity 58912K, committed 59008K, reserved 1099776K
  class space    used 7842K, capacity 8247K, committed 8320K, reserved 1048576K
}
Event: 36.044 GC heap before
{Heap before GC invocations=19 (full 3):
 PSYoungGen      total 131584K, used 11255K [0x00000000e0000000, 0x00000000e9c80000, 0x0000000100000000)
  eden space 120320K, 0% used [0x00000000e0000000,0x00000000e0000000,0x00000000e7580000)
  from space 11264K, 99% used [0x00000000e8380000,0x00000000e8e7de40,0x00000000e8e80000)
  to   space 14336K, 0% used [0x00000000e7580000,0x00000000e7580000,0x00000000e8380000)
 ParOldGen       total 50688K, used 32199K [0x00000000a0000000, 0x00000000a3180000, 0x00000000e0000000)
  object space 50688K, 63% used [0x00000000a0000000,0x00000000a1f71dc0,0x00000000a3180000)
 Metaspace       used 57485K, capacity 58912K, committed 59008K, reserved 1099776K
  class space    used 7842K, capacity 8247K, committed 8320K, reserved 1048576K
Event: 36.580 GC heap after
Heap after GC invocations=19 (full 3):
 PSYoungGen      total 131584K, used 0K [0x00000000e0000000, 0x00000000e9c80000, 0x0000000100000000)
  eden space 120320K, 0% used [0x00000000e0000000,0x00000000e0000000,0x00000000e7580000)
  from space 11264K, 0% used [0x00000000e8380000,0x00000000e8380000,0x00000000e8e80000)
  to   space 14336K, 0% used [0x00000000e7580000,0x00000000e7580000,0x00000000e8380000)
 ParOldGen       total 83456K, used 35372K [0x00000000a0000000, 0x00000000a5180000, 0x00000000e0000000)
  object space 83456K, 42% used [0x00000000a0000000,0x00000000a228b180,0x00000000a5180000)
 Metaspace       used 57485K, capacity 58912K, committed 59008K, reserved 1099776K
  class space    used 7842K, capacity 8247K, committed 8320K, reserved 1048576K
}
Event: 45.824 GC heap before
{Heap before GC invocations=20 (full 3):
 PSYoungGen      total 131584K, used 120320K [0x00000000e0000000, 0x00000000e9c80000, 0x0000000100000000)
  eden space 120320K, 100% used [0x00000000e0000000,0x00000000e7580000,0x00000000e7580000)
  from space 11264K, 0% used [0x00000000e8380000,0x00000000e8380000,0x00000000e8e80000)
  to   space 14336K, 0% used [0x00000000e7580000,0x00000000e7580000,0x00000000e8380000)
 ParOldGen       total 83456K, used 35372K [0x00000000a0000000, 0x00000000a5180000, 0x00000000e0000000)
  object space 83456K, 42% used [0x00000000a0000000,0x00000000a228b180,0x00000000a5180000)
 Metaspace       used 62280K, capacity 63800K, committed 64000K, reserved 1103872K
  class space    used 8287K, capacity 8687K, committed 8704K, reserved 1048576K
Event: 45.843 GC heap after
Heap after GC invocations=20 (full 3):
 PSYoungGen      total 134656K, used 7252K [0x00000000e0000000, 0x00000000e9d80000, 0x0000000100000000)
  eden space 120320K, 0% used [0x00000000e0000000,0x00000000e0000000,0x00000000e7580000)
  from space 14336K, 50% used [0x00000000e7580000,0x00000000e7c95228,0x00000000e8380000)
  to   space 13824K, 0% used [0x00000000e9000000,0x00000000e9000000,0x00000000e9d80000)
 ParOldGen       total 83456K, used 35380K [0x00000000a0000000, 0x00000000a5180000, 0x00000000e0000000)
  object space 83456K, 42% used [0x00000000a0000000,0x00000000a228d180,0x00000000a5180000)
 Metaspace       used 62280K, capacity 63800K, committed 64000K, reserved 1103872K
  class space    used 8287K, capacity 8687K, committed 8704K, reserved 1048576K
}

