# JRE version: OpenJDK Runtime Environment (8.0_242-b01) (build 1.8.0_242-release-1644-b01)
# Java VM: OpenJDK 64-Bit Server VM (25.242-b01 mixed mode windows-amd64 compressed oops)
Heap:
 PSYoungGen      total 211456K, used 35312K [0x00000000e0000000, 0x00000000ee980000, 0x0000000100000000)
  eden space 193024K, 8% used [0x00000000e0000000,0x00000000e10827c0,0x00000000ebc80000)
  from space 18432K, 99% used [0x00000000ed480000,0x00000000ee6798c8,0x00000000ee680000)
  to   space 23040K, 0% used [0x00000000ebc80000,0x00000000ebc80000,0x00000000ed300000)
 ParOldGen       total 86528K, used 36957K [0x00000000a0000000, 0x00000000a5480000, 0x00000000e0000000)
  object space 86528K, 42% used [0x00000000a0000000,0x00000000a24175b8,0x00000000a5480000)
 Metaspace       used 72338K, capacity 74770K, committed 75008K, reserved 1114112K
  class space    used 9524K, capacity 10117K, committed 10240K, reserved 1048576K
GC Heap History (10 events):
Event: 17.990 GC heap before
{Heap before GC invocations=13 (full 2):
 PSYoungGen      total 141824K, used 141816K [0x00000000e0000000, 0x00000000e9f00000, 0x0000000100000000)
  eden space 128000K, 100% used [0x00000000e0000000,0x00000000e7d00000,0x00000000e7d00000)
  from space 13824K, 99% used [0x00000000e9180000,0x00000000e9efe380,0x00000000e9f00000)
  to   space 15872K, 0% used [0x00000000e8000000,0x00000000e8000000,0x00000000e8f80000)
 ParOldGen       total 59904K, used 20145K [0x00000000a0000000, 0x00000000a3a80000, 0x00000000e0000000)
  object space 59904K, 33% used [0x00000000a0000000,0x00000000a13ac5c8,0x00000000a3a80000)
 Metaspace       used 55549K, capacity 57054K, committed 57216K, reserved 1097728K
  class space    used 7531K, capacity 7967K, committed 8064K, reserved 1048576K
Event: 18.043 GC heap after
Heap after GC invocations=13 (full 2):
 PSYoungGen      total 146944K, used 13341K [0x00000000e0000000, 0x00000000ec080000, 0x0000000100000000)
  eden space 131072K, 0% used [0x00000000e0000000,0x00000000e0000000,0x00000000e8000000)
  from space 15872K, 84% used [0x00000000e8000000,0x00000000e8d076e0,0x00000000e8f80000)
  to   space 17408K, 0% used [0x00000000eaf80000,0x00000000eaf80000,0x00000000ec080000)
 ParOldGen       total 59904K, used 28439K [0x00000000a0000000, 0x00000000a3a80000, 0x00000000e0000000)
  object space 59904K, 47% used [0x00000000a0000000,0x00000000a1bc5fc0,0x00000000a3a80000)
 Metaspace       used 55549K, capacity 57054K, committed 57216K, reserved 1097728K
  class space    used 7531K, capacity 7967K, committed 8064K, reserved 1048576K
}
Event: 20.338 GC heap before
{Heap before GC invocations=14 (full 2):
 PSYoungGen      total 146944K, used 53388K [0x00000000e0000000, 0x00000000ec080000, 0x0000000100000000)
  eden space 131072K, 30% used [0x00000000e0000000,0x00000000e271bba0,0x00000000e8000000)
  from space 15872K, 84% used [0x00000000e8000000,0x00000000e8d076e0,0x00000000e8f80000)
  to   space 17408K, 0% used [0x00000000eaf80000,0x00000000eaf80000,0x00000000ec080000)
 ParOldGen       total 59904K, used 28439K [0x00000000a0000000, 0x00000000a3a80000, 0x00000000e0000000)
  object space 59904K, 47% used [0x00000000a0000000,0x00000000a1bc5fc0,0x00000000a3a80000)
 Metaspace       used 57542K, capacity 59102K, committed 59160K, reserved 1099776K
  class space    used 7866K, capacity 8276K, committed 8320K, reserved 1048576K
Event: 20.406 GC heap after
Heap after GC invocations=14 (full 2):
 PSYoungGen      total 180224K, used 7184K [0x00000000e0000000, 0x00000000ec880000, 0x0000000100000000)
  eden space 162816K, 0% used [0x00000000e0000000,0x00000000e0000000,0x00000000e9f00000)
  from space 17408K, 41% used [0x00000000eaf80000,0x00000000eb6842a0,0x00000000ec080000)
  to   space 16896K, 0% used [0x00000000e9f00000,0x00000000e9f00000,0x00000000eaf80000)
 ParOldGen       total 59904K, used 28511K [0x00000000a0000000, 0x00000000a3a80000, 0x00000000e0000000)
  object space 59904K, 47% used [0x00000000a0000000,0x00000000a1bd7fd0,0x00000000a3a80000)
 Metaspace       used 57542K, capacity 59102K, committed 59160K, reserved 1099776K
  class space    used 7866K, capacity 8276K, committed 8320K, reserved 1048576K
}
Event: 20.406 GC heap before
{Heap before GC invocations=15 (full 3):
 PSYoungGen      total 180224K, used 7184K [0x00000000e0000000, 0x00000000ec880000, 0x0000000100000000)
  eden space 162816K, 0% used [0x00000000e0000000,0x00000000e0000000,0x00000000e9f00000)
  from space 17408K, 41% used [0x00000000eaf80000,0x00000000eb6842a0,0x00000000ec080000)
  to   space 16896K, 0% used [0x00000000e9f00000,0x00000000e9f00000,0x00000000eaf80000)
 ParOldGen       total 59904K, used 28511K [0x00000000a0000000, 0x00000000a3a80000, 0x00000000e0000000)
  object space 59904K, 47% used [0x00000000a0000000,0x00000000a1bd7fd0,0x00000000a3a80000)
 Metaspace       used 57542K, capacity 59102K, committed 59160K, reserved 1099776K
  class space    used 7866K, capacity 8276K, committed 8320K, reserved 1048576K
Event: 20.873 GC heap after
Heap after GC invocations=15 (full 3):
 PSYoungGen      total 180224K, used 0K [0x00000000e0000000, 0x00000000ec880000, 0x0000000100000000)
  eden space 162816K, 0% used [0x00000000e0000000,0x00000000e0000000,0x00000000e9f00000)
  from space 17408K, 0% used [0x00000000eaf80000,0x00000000eaf80000,0x00000000ec080000)
  to   space 16896K, 0% used [0x00000000e9f00000,0x00000000e9f00000,0x00000000eaf80000)
 ParOldGen       total 86528K, used 31222K [0x00000000a0000000, 0x00000000a5480000, 0x00000000e0000000)
  object space 86528K, 36% used [0x00000000a0000000,0x00000000a1e7dad8,0x00000000a5480000)
 Metaspace       used 57542K, capacity 59102K, committed 59160K, reserved 1099776K
  class space    used 7866K, capacity 8276K, committed 8320K, reserved 1048576K
}
Event: 29.714 GC heap before
{Heap before GC invocations=16 (full 3):
 PSYoungGen      total 180224K, used 162816K [0x00000000e0000000, 0x00000000ec880000, 0x0000000100000000)
  eden space 162816K, 100% used [0x00000000e0000000,0x00000000e9f00000,0x00000000e9f00000)
  from space 17408K, 0% used [0x00000000eaf80000,0x00000000eaf80000,0x00000000ec080000)
  to   space 16896K, 0% used [0x00000000e9f00000,0x00000000e9f00000,0x00000000eaf80000)
 ParOldGen       total 86528K, used 31222K [0x00000000a0000000, 0x00000000a5480000, 0x00000000e0000000)
  object space 86528K, 36% used [0x00000000a0000000,0x00000000a1e7dad8,0x00000000a5480000)
 Metaspace       used 67295K, capacity 69462K, committed 69504K, reserved 1110016K
  class space    used 9069K, capacity 9579K, committed 9600K, reserved 1048576K
Event: 29.792 GC heap after
Heap after GC invocations=16 (full 3):
 PSYoungGen      total 179712K, used 14638K [0x00000000e0000000, 0x00000000ee680000, 0x0000000100000000)
  eden space 162816K, 0% used [0x00000000e0000000,0x00000000e0000000,0x00000000e9f00000)
  from space 16896K, 86% used [0x00000000e9f00000,0x00000000ead4b980,0x00000000eaf80000)
  to   space 18432K, 0% used [0x00000000ed480000,0x00000000ed480000,0x00000000ee680000)
 ParOldGen       total 86528K, used 31230K [0x00000000a0000000, 0x00000000a5480000, 0x00000000e0000000)
  object space 86528K, 36% used [0x00000000a0000000,0x00000000a1e7fad8,0x00000000a5480000)
 Metaspace       used 67295K, capacity 69462K, committed 69504K, reserved 1110016K
  class space    used 9069K, capacity 9579K, committed 9600K, reserved 1048576K
}
Event: 1717.220 GC heap before
{Heap before GC invocations=17 (full 3):
 PSYoungGen      total 179712K, used 177454K [0x00000000e0000000, 0x00000000ee680000, 0x0000000100000000)
  eden space 162816K, 100% used [0x00000000e0000000,0x00000000e9f00000,0x00000000e9f00000)
  from space 16896K, 86% used [0x00000000e9f00000,0x00000000ead4b980,0x00000000eaf80000)
  to   space 18432K, 0% used [0x00000000ed480000,0x00000000ed480000,0x00000000ee680000)
 ParOldGen       total 86528K, used 31230K [0x00000000a0000000, 0x00000000a5480000, 0x00000000e0000000)
  object space 86528K, 36% used [0x00000000a0000000,0x00000000a1e7fad8,0x00000000a5480000)
 Metaspace       used 71868K, capacity 74284K, committed 74368K, reserved 1114112K
  class space    used 9486K, capacity 10084K, committed 10112K, reserved 1048576K
Event: 1718.693 GC heap after
Heap after GC invocations=17 (full 3):
 PSYoungGen      total 211456K, used 18406K [0x00000000e0000000, 0x00000000ee980000, 0x0000000100000000)
  eden space 193024K, 0% used [0x00000000e0000000,0x00000000e0000000,0x00000000ebc80000)
  from space 18432K, 99% used [0x00000000ed480000,0x00000000ee6798c8,0x00000000ee680000)
  to   space 23040K, 0% used [0x00000000ebc80000,0x00000000ebc80000,0x00000000ed300000)
 ParOldGen       total 86528K, used 36957K [0x00000000a0000000, 0x00000000a5480000, 0x00000000e0000000)
  object space 86528K, 42% used [0x00000000a0000000,0x00000000a24175b8,0x00000000a5480000)
 Metaspace       used 71868K, capacity 74284K, committed 74368K, reserved 1114112K
  class space    used 9486K, capacity 10084K, committed 10112K, reserved 1048576K
}

