# JRE version: OpenJDK Runtime Environment (8.0_242-b01) (build 1.8.0_242-release-1644-b01)
# Java VM: OpenJDK 64-Bit Server VM (25.242-b01 mixed mode windows-amd64 compressed oops)
Heap:
 PSYoungGen      total 333824K, used 122816K [0x00000000e0000000, 0x00000000f9480000, 0x0000000100000000)
  eden space 268288K, 37% used [0x00000000e0000000,0x00000000e60f0bf8,0x00000000f0600000)
  from space 65536K, 35% used [0x00000000f0600000,0x00000000f1cff4e0,0x00000000f4600000)
  to   space 62976K, 0% used [0x00000000f5700000,0x00000000f5700000,0x00000000f9480000)
 ParOldGen       total 168448K, used 104042K [0x00000000a0000000, 0x00000000aa480000, 0x00000000e0000000)
  object space 168448K, 61% used [0x00000000a0000000,0x00000000a659a8e0,0x00000000aa480000)
 Metaspace       used 87563K, capacity 91782K, committed 92160K, reserved 1130496K
  class space    used 11006K, capacity 11906K, committed 12032K, reserved 1048576K
GC Heap History (10 events):
Event: 5003.951 GC heap before
{Heap before GC invocations=37 (full 4):
 PSYoungGen      total 278528K, used 272302K [0x00000000e0000000, 0x00000000f4780000, 0x0000000100000000)
  eden space 233472K, 100% used [0x00000000e0000000,0x00000000ee400000,0x00000000ee400000)
  from space 45056K, 86% used [0x00000000f1480000,0x00000000f3a6ba38,0x00000000f4080000)
  to   space 49664K, 0% used [0x00000000ee400000,0x00000000ee400000,0x00000000f1480000)
 ParOldGen       total 168448K, used 88706K [0x00000000a0000000, 0x00000000aa480000, 0x00000000e0000000)
  object space 168448K, 52% used [0x00000000a0000000,0x00000000a56a0928,0x00000000aa480000)
 Metaspace       used 84365K, capacity 87516K, committed 87808K, reserved 1126400K
  class space    used 10724K, capacity 11471K, committed 11520K, reserved 1048576K
Event: 5004.837 GC heap after
Heap after GC invocations=37 (full 4):
 PSYoungGen      total 283136K, used 49662K [0x00000000e0000000, 0x00000000f7480000, 0x0000000100000000)
  eden space 233472K, 0% used [0x00000000e0000000,0x00000000e0000000,0x00000000ee400000)
  from space 49664K, 99% used [0x00000000ee400000,0x00000000f147f9c8,0x00000000f1480000)
  to   space 60416K, 0% used [0x00000000f3980000,0x00000000f3980000,0x00000000f7480000)
 ParOldGen       total 168448K, used 98621K [0x00000000a0000000, 0x00000000aa480000, 0x00000000e0000000)
  object space 168448K, 58% used [0x00000000a0000000,0x00000000a604f7a0,0x00000000aa480000)
 Metaspace       used 84365K, capacity 87516K, committed 87808K, reserved 1126400K
  class space    used 10724K, capacity 11471K, committed 11520K, reserved 1048576K
}
Event: 5480.832 GC heap before
{Heap before GC invocations=38 (full 4):
 PSYoungGen      total 283136K, used 283134K [0x00000000e0000000, 0x00000000f7480000, 0x0000000100000000)
  eden space 233472K, 100% used [0x00000000e0000000,0x00000000ee400000,0x00000000ee400000)
  from space 49664K, 99% used [0x00000000ee400000,0x00000000f147f9c8,0x00000000f1480000)
  to   space 60416K, 0% used [0x00000000f3980000,0x00000000f3980000,0x00000000f7480000)
 ParOldGen       total 168448K, used 98621K [0x00000000a0000000, 0x00000000aa480000, 0x00000000e0000000)
  object space 168448K, 58% used [0x00000000a0000000,0x00000000a604f7a0,0x00000000aa480000)
 Metaspace       used 84743K, capacity 88006K, committed 88192K, reserved 1126400K
  class space    used 10756K, capacity 11530K, committed 11648K, reserved 1048576K
Event: 5482.048 GC heap after
Heap after GC invocations=38 (full 4):
 PSYoungGen      total 307712K, used 20994K [0x00000000e0000000, 0x00000000f6b80000, 0x0000000100000000)
  eden space 256512K, 0% used [0x00000000e0000000,0x00000000e0000000,0x00000000efa80000)
  from space 51200K, 41% used [0x00000000f3980000,0x00000000f4e009e8,0x00000000f6b80000)
  to   space 57856K, 0% used [0x00000000efa80000,0x00000000efa80000,0x00000000f3300000)
 ParOldGen       total 168448K, used 100005K [0x00000000a0000000, 0x00000000aa480000, 0x00000000e0000000)
  object space 168448K, 59% used [0x00000000a0000000,0x00000000a61a94e8,0x00000000aa480000)
 Metaspace       used 84743K, capacity 88006K, committed 88192K, reserved 1126400K
  class space    used 10756K, capacity 11530K, committed 11648K, reserved 1048576K
}
Event: 7114.253 GC heap before
{Heap before GC invocations=39 (full 4):
 PSYoungGen      total 307712K, used 277506K [0x00000000e0000000, 0x00000000f6b80000, 0x0000000100000000)
  eden space 256512K, 100% used [0x00000000e0000000,0x00000000efa80000,0x00000000efa80000)
  from space 51200K, 41% used [0x00000000f3980000,0x00000000f4e009e8,0x00000000f6b80000)
  to   space 57856K, 0% used [0x00000000efa80000,0x00000000efa80000,0x00000000f3300000)
 ParOldGen       total 168448K, used 100005K [0x00000000a0000000, 0x00000000aa480000, 0x00000000e0000000)
  object space 168448K, 59% used [0x00000000a0000000,0x00000000a61a94e8,0x00000000aa480000)
 Metaspace       used 85546K, capacity 89536K, committed 89856K, reserved 1128448K
  class space    used 10855K, capacity 11710K, committed 11776K, reserved 1048576K
Event: 7115.541 GC heap after
Heap after GC invocations=39 (full 4):
 PSYoungGen      total 314368K, used 29138K [0x00000000e0000000, 0x00000000f7c80000, 0x0000000100000000)
  eden space 256512K, 0% used [0x00000000e0000000,0x00000000e0000000,0x00000000efa80000)
  from space 57856K, 50% used [0x00000000efa80000,0x00000000f16f4b28,0x00000000f3300000)
  to   space 55808K, 0% used [0x00000000f4600000,0x00000000f4600000,0x00000000f7c80000)
 ParOldGen       total 168448K, used 100013K [0x00000000a0000000, 0x00000000aa480000, 0x00000000e0000000)
  object space 168448K, 59% used [0x00000000a0000000,0x00000000a61ab4e8,0x00000000aa480000)
 Metaspace       used 85546K, capacity 89536K, committed 89856K, reserved 1128448K
  class space    used 10855K, capacity 11710K, committed 11776K, reserved 1048576K
}
Event: 7125.203 GC heap before
{Heap before GC invocations=40 (full 4):
 PSYoungGen      total 314368K, used 285534K [0x00000000e0000000, 0x00000000f7c80000, 0x0000000100000000)
  eden space 256512K, 99% used [0x00000000e0000000,0x00000000efa62d68,0x00000000efa80000)
  from space 57856K, 50% used [0x00000000efa80000,0x00000000f16f4b28,0x00000000f3300000)
  to   space 55808K, 0% used [0x00000000f4600000,0x00000000f4600000,0x00000000f7c80000)
 ParOldGen       total 168448K, used 100013K [0x00000000a0000000, 0x00000000aa480000, 0x00000000e0000000)
  object space 168448K, 59% used [0x00000000a0000000,0x00000000a61ab4e8,0x00000000aa480000)
 Metaspace       used 86493K, capacity 90584K, committed 90752K, reserved 1128448K
  class space    used 10908K, capacity 11789K, committed 11904K, reserved 1048576K
Event: 7125.380 GC heap after
Heap after GC invocations=40 (full 4):
 PSYoungGen      total 324096K, used 55783K [0x00000000e0000000, 0x00000000f8f00000, 0x0000000100000000)
  eden space 268288K, 0% used [0x00000000e0000000,0x00000000e0000000,0x00000000f0600000)
  from space 55808K, 99% used [0x00000000f4600000,0x00000000f7c79cf8,0x00000000f7c80000)
  to   space 65536K, 0% used [0x00000000f0600000,0x00000000f0600000,0x00000000f4600000)
 ParOldGen       total 168448K, used 103930K [0x00000000a0000000, 0x00000000aa480000, 0x00000000e0000000)
  object space 168448K, 61% used [0x00000000a0000000,0x00000000a657e8d0,0x00000000aa480000)
 Metaspace       used 86493K, capacity 90584K, committed 90752K, reserved 1128448K
  class space    used 10908K, capacity 11789K, committed 11904K, reserved 1048576K
}
Event: 7909.041 GC heap before
{Heap before GC invocations=41 (full 4):
 PSYoungGen      total 324096K, used 324071K [0x00000000e0000000, 0x00000000f8f00000, 0x0000000100000000)
  eden space 268288K, 100% used [0x00000000e0000000,0x00000000f0600000,0x00000000f0600000)
  from space 55808K, 99% used [0x00000000f4600000,0x00000000f7c79cf8,0x00000000f7c80000)
  to   space 65536K, 0% used [0x00000000f0600000,0x00000000f0600000,0x00000000f4600000)
 ParOldGen       total 168448K, used 103930K [0x00000000a0000000, 0x00000000aa480000, 0x00000000e0000000)
  object space 168448K, 61% used [0x00000000a0000000,0x00000000a657e8d0,0x00000000aa480000)
 Metaspace       used 86801K, capacity 90988K, committed 91264K, reserved 1128448K
  class space    used 10933K, capacity 11833K, committed 11904K, reserved 1048576K
Event: 7916.999 GC heap after
Heap after GC invocations=41 (full 4):
 PSYoungGen      total 333824K, used 23549K [0x00000000e0000000, 0x00000000f9480000, 0x0000000100000000)
  eden space 268288K, 0% used [0x00000000e0000000,0x00000000e0000000,0x00000000f0600000)
  from space 65536K, 35% used [0x00000000f0600000,0x00000000f1cff4e0,0x00000000f4600000)
  to   space 62976K, 0% used [0x00000000f5700000,0x00000000f5700000,0x00000000f9480000)
 ParOldGen       total 168448K, used 104042K [0x00000000a0000000, 0x00000000aa480000, 0x00000000e0000000)
  object space 168448K, 61% used [0x00000000a0000000,0x00000000a659a8e0,0x00000000aa480000)
 Metaspace       used 86801K, capacity 90988K, committed 91264K, reserved 1128448K
  class space    used 10933K, capacity 11833K, committed 11904K, reserved 1048576K
}

