# JRE version: OpenJDK Runtime Environment (8.0_242-b01) (build 1.8.0_242-release-1644-b01)
# Java VM: OpenJDK 64-Bit Server VM (25.242-b01 mixed mode windows-amd64 compressed oops)
Heap:
 PSYoungGen      total 280576K, used 252447K [0x00000000e0000000, 0x00000000f5580000, 0x0000000100000000)
  eden space 238080K, 99% used [0x00000000e0000000,0x00000000ee85e698,0x00000000ee880000)
  from space 42496K, 34% used [0x00000000ee880000,0x00000000ef6a9950,0x00000000f1200000)
  to   space 40448K, 0% used [0x00000000f2e00000,0x00000000f2e00000,0x00000000f5580000)
 ParOldGen       total 176640K, used 159217K [0x00000000a0000000, 0x00000000aac80000, 0x00000000e0000000)
  object space 176640K, 90% used [0x00000000a0000000,0x00000000a9b7c5d8,0x00000000aac80000)
 Metaspace       used 96962K, capacity 100252K, committed 100608K, reserved 1136640K
  class space    used 12290K, capacity 12954K, committed 13056K, reserved 1048576K
GC Heap History (10 events):
Event: 69.577 GC heap after
Heap after GC invocations=19 (full 3):
 PSYoungGen      total 254464K, used 14821K [0x00000000e0000000, 0x00000000f1180000, 0x0000000100000000)
  eden space 230912K, 0% used [0x00000000e0000000,0x00000000e0000000,0x00000000ee180000)
  from space 23552K, 62% used [0x00000000efa80000,0x00000000f08f95c8,0x00000000f1180000)
  to   space 24576K, 0% used [0x00000000ee180000,0x00000000ee180000,0x00000000ef980000)
 ParOldGen       total 92672K, used 51773K [0x00000000a0000000, 0x00000000a5a80000, 0x00000000e0000000)
  object space 92672K, 55% used [0x00000000a0000000,0x00000000a328f530,0x00000000a5a80000)
 Metaspace       used 84561K, capacity 86790K, committed 87168K, reserved 1124352K
  class space    used 10798K, capacity 11333K, committed 11392K, reserved 1048576K
}
Event: 78.946 GC heap before
{Heap before GC invocations=20 (full 3):
 PSYoungGen      total 254464K, used 245733K [0x00000000e0000000, 0x00000000f1180000, 0x0000000100000000)
  eden space 230912K, 100% used [0x00000000e0000000,0x00000000ee180000,0x00000000ee180000)
  from space 23552K, 62% used [0x00000000efa80000,0x00000000f08f95c8,0x00000000f1180000)
  to   space 24576K, 0% used [0x00000000ee180000,0x00000000ee180000,0x00000000ef980000)
 ParOldGen       total 92672K, used 51773K [0x00000000a0000000, 0x00000000a5a80000, 0x00000000e0000000)
  object space 92672K, 55% used [0x00000000a0000000,0x00000000a328f530,0x00000000a5a80000)
 Metaspace       used 93662K, capacity 96662K, committed 96896K, reserved 1134592K
  class space    used 11972K, capacity 12617K, committed 12672K, reserved 1048576K
Event: 79.011 GC heap after
Heap after GC invocations=20 (full 3):
 PSYoungGen      total 255488K, used 24544K [0x00000000e0000000, 0x00000000f2e00000, 0x0000000100000000)
  eden space 230912K, 0% used [0x00000000e0000000,0x00000000e0000000,0x00000000ee180000)
  from space 24576K, 99% used [0x00000000ee180000,0x00000000ef978210,0x00000000ef980000)
  to   space 28672K, 0% used [0x00000000f1200000,0x00000000f1200000,0x00000000f2e00000)
 ParOldGen       total 92672K, used 53068K [0x00000000a0000000, 0x00000000a5a80000, 0x00000000e0000000)
  object space 92672K, 57% used [0x00000000a0000000,0x00000000a33d3008,0x00000000a5a80000)
 Metaspace       used 93662K, capacity 96662K, committed 96896K, reserved 1134592K
  class space    used 11972K, capacity 12617K, committed 12672K, reserved 1048576K
}
Event: 87.415 GC heap before
{Heap before GC invocations=21 (full 3):
 PSYoungGen      total 255488K, used 255456K [0x00000000e0000000, 0x00000000f2e00000, 0x0000000100000000)
  eden space 230912K, 100% used [0x00000000e0000000,0x00000000ee180000,0x00000000ee180000)
  from space 24576K, 99% used [0x00000000ee180000,0x00000000ef978210,0x00000000ef980000)
  to   space 28672K, 0% used [0x00000000f1200000,0x00000000f1200000,0x00000000f2e00000)
 ParOldGen       total 92672K, used 53068K [0x00000000a0000000, 0x00000000a5a80000, 0x00000000e0000000)
  object space 92672K, 57% used [0x00000000a0000000,0x00000000a33d3008,0x00000000a5a80000)
 Metaspace       used 94900K, capacity 97912K, committed 98176K, reserved 1134592K
  class space    used 12002K, capacity 12626K, committed 12672K, reserved 1048576K
Event: 87.662 GC heap after
Heap after GC invocations=21 (full 3):
 PSYoungGen      total 266752K, used 28651K [0x00000000e0000000, 0x00000000f5280000, 0x0000000100000000)
  eden space 238080K, 0% used [0x00000000e0000000,0x00000000e0000000,0x00000000ee880000)
  from space 28672K, 99% used [0x00000000f1200000,0x00000000f2dfae50,0x00000000f2e00000)
  to   space 42496K, 0% used [0x00000000ee880000,0x00000000ee880000,0x00000000f1200000)
 ParOldGen       total 92672K, used 78680K [0x00000000a0000000, 0x00000000a5a80000, 0x00000000e0000000)
  object space 92672K, 84% used [0x00000000a0000000,0x00000000a4cd6318,0x00000000a5a80000)
 Metaspace       used 94900K, capacity 97912K, committed 98176K, reserved 1134592K
  class space    used 12002K, capacity 12626K, committed 12672K, reserved 1048576K
}
Event: 87.662 GC heap before
{Heap before GC invocations=22 (full 4):
 PSYoungGen      total 266752K, used 28651K [0x00000000e0000000, 0x00000000f5280000, 0x0000000100000000)
  eden space 238080K, 0% used [0x00000000e0000000,0x00000000e0000000,0x00000000ee880000)
  from space 28672K, 99% used [0x00000000f1200000,0x00000000f2dfae50,0x00000000f2e00000)
  to   space 42496K, 0% used [0x00000000ee880000,0x00000000ee880000,0x00000000f1200000)
 ParOldGen       total 92672K, used 78680K [0x00000000a0000000, 0x00000000a5a80000, 0x00000000e0000000)
  object space 92672K, 84% used [0x00000000a0000000,0x00000000a4cd6318,0x00000000a5a80000)
 Metaspace       used 94900K, capacity 97912K, committed 98176K, reserved 1134592K
  class space    used 12002K, capacity 12626K, committed 12672K, reserved 1048576K
Event: 89.511 GC heap after
Heap after GC invocations=22 (full 4):
 PSYoungGen      total 266752K, used 0K [0x00000000e0000000, 0x00000000f5280000, 0x0000000100000000)
  eden space 238080K, 0% used [0x00000000e0000000,0x00000000e0000000,0x00000000ee880000)
  from space 28672K, 0% used [0x00000000f1200000,0x00000000f1200000,0x00000000f2e00000)
  to   space 42496K, 0% used [0x00000000ee880000,0x00000000ee880000,0x00000000f1200000)
 ParOldGen       total 176640K, used 89905K [0x00000000a0000000, 0x00000000aac80000, 0x00000000e0000000)
  object space 176640K, 50% used [0x00000000a0000000,0x00000000a57cc5b8,0x00000000aac80000)
 Metaspace       used 94872K, capacity 97834K, committed 98176K, reserved 1134592K
  class space    used 11992K, capacity 12609K, committed 12672K, reserved 1048576K
}
Event: 96.763 GC heap before
{Heap before GC invocations=23 (full 4):
 PSYoungGen      total 266752K, used 238080K [0x00000000e0000000, 0x00000000f5280000, 0x0000000100000000)
  eden space 238080K, 100% used [0x00000000e0000000,0x00000000ee880000,0x00000000ee880000)
  from space 28672K, 0% used [0x00000000f1200000,0x00000000f1200000,0x00000000f2e00000)
  to   space 42496K, 0% used [0x00000000ee880000,0x00000000ee880000,0x00000000f1200000)
 ParOldGen       total 176640K, used 94696K [0x00000000a0000000, 0x00000000aac80000, 0x00000000e0000000)
  object space 176640K, 53% used [0x00000000a0000000,0x00000000a5c7a1e8,0x00000000aac80000)
 Metaspace       used 96744K, capacity 100092K, committed 100352K, reserved 1136640K
  class space    used 12260K, capacity 12948K, committed 13056K, reserved 1048576K
Event: 96.854 GC heap after
Heap after GC invocations=23 (full 4):
 PSYoungGen      total 280576K, used 14502K [0x00000000e0000000, 0x00000000f5580000, 0x0000000100000000)
  eden space 238080K, 0% used [0x00000000e0000000,0x00000000e0000000,0x00000000ee880000)
  from space 42496K, 34% used [0x00000000ee880000,0x00000000ef6a9950,0x00000000f1200000)
  to   space 40448K, 0% used [0x00000000f2e00000,0x00000000f2e00000,0x00000000f5580000)
 ParOldGen       total 176640K, used 94704K [0x00000000a0000000, 0x00000000aac80000, 0x00000000e0000000)
  object space 176640K, 53% used [0x00000000a0000000,0x00000000a5c7c1e8,0x00000000aac80000)
 Metaspace       used 96744K, capacity 100092K, committed 100352K, reserved 1136640K
  class space    used 12260K, capacity 12948K, committed 13056K, reserved 1048576K
}
Event: 98.134 GC heap before
{Heap before GC invocations=24 (full 5):
 PSYoungGen      total 280576K, used 252447K [0x00000000e0000000, 0x00000000f5580000, 0x0000000100000000)
  eden space 238080K, 99% used [0x00000000e0000000,0x00000000ee85e698,0x00000000ee880000)
  from space 42496K, 34% used [0x00000000ee880000,0x00000000ef6a9950,0x00000000f1200000)
  to   space 40448K, 0% used [0x00000000f2e00000,0x00000000f2e00000,0x00000000f5580000)
 ParOldGen       total 176640K, used 159217K [0x00000000a0000000, 0x00000000aac80000, 0x00000000e0000000)
  object space 176640K, 90% used [0x00000000a0000000,0x00000000a9b7c5d8,0x00000000aac80000)
 Metaspace       used 96962K, capacity 100252K, committed 100608K, reserved 1136640K
  class space    used 12290K, capacity 12954K, committed 13056K, reserved 1048576K

